Analysis & Synthesis report for BCD_LMDSH
Tue May 23 08:53:59 2023
Quartus Prime Version 20.1.0 Build 711 06/05/2020 SJ Lite Edition


---------------------
; Table of Contents ;
---------------------
  1. Legal Notice
  2. Analysis & Synthesis Summary
  3. Analysis & Synthesis Settings
  4. Parallel Compilation
  5. Analysis & Synthesis Source Files Read
  6. Analysis & Synthesis Resource Usage Summary
  7. Analysis & Synthesis Resource Utilization by Entity
  8. Analysis & Synthesis RAM Summary
  9. General Register Statistics
 10. Source assignments for dp:inst2|LPM_RAM_DQ:65|altram:sram|altsyncram:ram_block|altsyncram_vpl1:auto_generated
 11. Parameter Settings for User Entity Instance: dp:inst2|LPM_RAM_DQ:65
 12. Post-Synthesis Netlist Statistics for Top Partition
 13. Elapsed Time Per Partition
 14. Analysis & Synthesis Messages



----------------
; Legal Notice ;
----------------
Copyright (C) 2020  Intel Corporation. All rights reserved.
Your use of Intel Corporation's design tools, logic functions 
and other software and tools, and any partner logic 
functions, and any output files from any of the foregoing 
(including device programming or simulation files), and any 
associated documentation or information are expressly subject 
to the terms and conditions of the Intel Program License 
Subscription Agreement, the Intel Quartus Prime License Agreement,
the Intel FPGA IP License Agreement, or other applicable license
agreement, including, without limitation, that your use is for
the sole purpose of programming logic devices manufactured by
Intel and sold by Intel or its authorized distributors.  Please
refer to the applicable agreement for further details, at
https://fpgasoftware.intel.com/eula.



+---------------------------------------------------------------------------------+
; Analysis & Synthesis Summary                                                    ;
+-----------------------------------+---------------------------------------------+
; Analysis & Synthesis Status       ; Successful - Tue May 23 08:53:59 2023       ;
; Quartus Prime Version             ; 20.1.0 Build 711 06/05/2020 SJ Lite Edition ;
; Revision Name                     ; BCD_LMDSH                                   ;
; Top-level Entity Name             ; EC2                                         ;
; Family                            ; Arria II GX                                 ;
; Logic utilization                 ; N/A                                         ;
;     Combinational ALUTs           ; 43                                          ;
;     Memory ALUTs                  ; 0                                           ;
;     Dedicated logic registers     ; 25                                          ;
; Total registers                   ; 25                                          ;
; Total pins                        ; 20                                          ;
; Total virtual pins                ; 0                                           ;
; Total block memory bits           ; 256                                         ;
; DSP block 18-bit elements         ; 0                                           ;
; Total GXB Receiver Channel PCS    ; 0                                           ;
; Total GXB Receiver Channel PMA    ; 0                                           ;
; Total GXB Transmitter Channel PCS ; 0                                           ;
; Total GXB Transmitter Channel PMA ; 0                                           ;
; Total PLLs                        ; 0                                           ;
; Total DLLs                        ; 0                                           ;
+-----------------------------------+---------------------------------------------+


+---------------------------------------------------------------------------------------------------------------------------+
; Analysis & Synthesis Settings                                                                                             ;
+---------------------------------------------------------------------------------+--------------------+--------------------+
; Option                                                                          ; Setting            ; Default Value      ;
+---------------------------------------------------------------------------------+--------------------+--------------------+
; Top-level entity name                                                           ; EC2                ; BCD_LMDSH          ;
; Family name                                                                     ; Arria II GX        ; Cyclone V          ;
; Use smart compilation                                                           ; Off                ; Off                ;
; Enable parallel Assembler and Timing Analyzer during compilation                ; On                 ; On                 ;
; Enable compact report table                                                     ; Off                ; Off                ;
; Restructure Multiplexers                                                        ; Auto               ; Auto               ;
; MLAB Add Timing Constraints For Mixed-Port Feed-Through Mode Setting Don't Care ; Off                ; Off                ;
; Create Debugging Nodes for IP Cores                                             ; Off                ; Off                ;
; Preserve fewer node names                                                       ; On                 ; On                 ;
; Intel FPGA IP Evaluation Mode                                                   ; Enable             ; Enable             ;
; Verilog Version                                                                 ; Verilog_2001       ; Verilog_2001       ;
; VHDL Version                                                                    ; VHDL_1993          ; VHDL_1993          ;
; State Machine Processing                                                        ; Auto               ; Auto               ;
; Safe State Machine                                                              ; Off                ; Off                ;
; Extract Verilog State Machines                                                  ; On                 ; On                 ;
; Extract VHDL State Machines                                                     ; On                 ; On                 ;
; Ignore Verilog initial constructs                                               ; Off                ; Off                ;
; Iteration limit for constant Verilog loops                                      ; 5000               ; 5000               ;
; Iteration limit for non-constant Verilog loops                                  ; 250                ; 250                ;
; Add Pass-Through Logic to Inferred RAMs                                         ; On                 ; On                 ;
; Infer RAMs from Raw Logic                                                       ; On                 ; On                 ;
; Parallel Synthesis                                                              ; On                 ; On                 ;
; DSP Block Balancing                                                             ; Auto               ; Auto               ;
; NOT Gate Push-Back                                                              ; On                 ; On                 ;
; Power-Up Don't Care                                                             ; On                 ; On                 ;
; Remove Redundant Logic Cells                                                    ; Off                ; Off                ;
; Remove Duplicate Registers                                                      ; On                 ; On                 ;
; Ignore CARRY Buffers                                                            ; Off                ; Off                ;
; Ignore CASCADE Buffers                                                          ; Off                ; Off                ;
; Ignore GLOBAL Buffers                                                           ; Off                ; Off                ;
; Ignore ROW GLOBAL Buffers                                                       ; Off                ; Off                ;
; Ignore LCELL Buffers                                                            ; Off                ; Off                ;
; Ignore SOFT Buffers                                                             ; On                 ; On                 ;
; Limit AHDL Integers to 32 Bits                                                  ; Off                ; Off                ;
; Optimization Technique                                                          ; Balanced           ; Balanced           ;
; Carry Chain Length                                                              ; 70                 ; 70                 ;
; Auto Carry Chains                                                               ; On                 ; On                 ;
; Auto Open-Drain Pins                                                            ; On                 ; On                 ;
; Perform WYSIWYG Primitive Resynthesis                                           ; Off                ; Off                ;
; Auto ROM Replacement                                                            ; On                 ; On                 ;
; Auto RAM Replacement                                                            ; On                 ; On                 ;
; Auto DSP Block Replacement                                                      ; On                 ; On                 ;
; Auto Shift Register Replacement                                                 ; Auto               ; Auto               ;
; Allow Shift Register Merging across Hierarchies                                 ; Auto               ; Auto               ;
; Auto Clock Enable Replacement                                                   ; On                 ; On                 ;
; Strict RAM Replacement                                                          ; Off                ; Off                ;
; Allow Synchronous Control Signals                                               ; On                 ; On                 ;
; Force Use of Synchronous Clear Signals                                          ; Off                ; Off                ;
; Auto RAM Block Balancing                                                        ; On                 ; On                 ;
; Auto RAM to Logic Cell Conversion                                               ; Off                ; Off                ;
; Auto Resource Sharing                                                           ; Off                ; Off                ;
; Allow Any RAM Size For Recognition                                              ; Off                ; Off                ;
; Allow Any ROM Size For Recognition                                              ; Off                ; Off                ;
; Allow Any Shift Register Size For Recognition                                   ; Off                ; Off                ;
; Use LogicLock Constraints during Resource Balancing                             ; On                 ; On                 ;
; Ignore translate_off and synthesis_off directives                               ; Off                ; Off                ;
; Timing-Driven Synthesis                                                         ; On                 ; On                 ;
; Report Parameter Settings                                                       ; On                 ; On                 ;
; Report Source Assignments                                                       ; On                 ; On                 ;
; Report Connectivity Checks                                                      ; On                 ; On                 ;
; Ignore Maximum Fan-Out Assignments                                              ; Off                ; Off                ;
; Synchronization Register Chain Length                                           ; 3                  ; 3                  ;
; Power Optimization During Synthesis                                             ; Normal compilation ; Normal compilation ;
; HDL message level                                                               ; Level2             ; Level2             ;
; Suppress Register Optimization Related Messages                                 ; Off                ; Off                ;
; Number of Removed Registers Reported in Synthesis Report                        ; 5000               ; 5000               ;
; Number of Swept Nodes Reported in Synthesis Report                              ; 5000               ; 5000               ;
; Number of Inverted Registers Reported in Synthesis Report                       ; 100                ; 100                ;
; Clock MUX Protection                                                            ; On                 ; On                 ;
; Auto Gated Clock Conversion                                                     ; Off                ; Off                ;
; Block Design Naming                                                             ; Auto               ; Auto               ;
; SDC constraint protection                                                       ; Off                ; Off                ;
; Synthesis Effort                                                                ; Auto               ; Auto               ;
; Shift Register Replacement - Allow Asynchronous Clear Signal                    ; On                 ; On                 ;
; Pre-Mapping Resynthesis Optimization                                            ; Off                ; Off                ;
; Analysis & Synthesis Message Level                                              ; Medium             ; Medium             ;
; Disable Register Merging Across Hierarchies                                     ; Auto               ; Auto               ;
; Resource Aware Inference For Block RAM                                          ; On                 ; On                 ;
+---------------------------------------------------------------------------------+--------------------+--------------------+


+------------------------------------------+
; Parallel Compilation                     ;
+----------------------------+-------------+
; Processors                 ; Number      ;
+----------------------------+-------------+
; Number detected on machine ; 16          ;
; Maximum allowed            ; 8           ;
;                            ;             ;
; Average used               ; 1.00        ;
; Maximum used               ; 8           ;
;                            ;             ;
; Usage by Processor         ; % Time Used ;
;     Processor 1            ; 100.0%      ;
;     Processors 2-8         ;   0.0%      ;
+----------------------------+-------------+


+----------------------------------------------------------------------------------------------------------------------------------------------------------------------------------------------------------------------------+
; Analysis & Synthesis Source Files Read                                                                                                                                                                                     ;
+------------------------------------------------------------------------+-----------------+----------------------------------------+------------------------------------------------------------------------------+---------+
; File Name with User-Entered Path                                       ; Used in Netlist ; File Type                              ; File Name with Absolute Path                                                 ; Library ;
+------------------------------------------------------------------------+-----------------+----------------------------------------+------------------------------------------------------------------------------+---------+
; reg8.bdf                                                               ; yes             ; User Block Diagram/Schematic File      ; D:/FACULTATE/AN3/Semestrul2/LMDSH/Tema1/SchemaQuartus/reg8.bdf               ;         ;
; reg5.bdf                                                               ; yes             ; User Block Diagram/Schematic File      ; D:/FACULTATE/AN3/Semestrul2/LMDSH/Tema1/SchemaQuartus/reg5.bdf               ;         ;
; inc5.bdf                                                               ; yes             ; User Block Diagram/Schematic File      ; D:/FACULTATE/AN3/Semestrul2/LMDSH/Tema1/SchemaQuartus/inc5.bdf               ;         ;
; fa.bdf                                                                 ; yes             ; User Block Diagram/Schematic File      ; D:/FACULTATE/AN3/Semestrul2/LMDSH/Tema1/SchemaQuartus/fa.bdf                 ;         ;
; dp.bdf                                                                 ; yes             ; User Block Diagram/Schematic File      ; D:/FACULTATE/AN3/Semestrul2/LMDSH/Tema1/SchemaQuartus/dp.bdf                 ;         ;
; cu.bdf                                                                 ; yes             ; User Block Diagram/Schematic File      ; D:/FACULTATE/AN3/Semestrul2/LMDSH/Tema1/SchemaQuartus/cu.bdf                 ;         ;
; addsub.bdf                                                             ; yes             ; User Block Diagram/Schematic File      ; D:/FACULTATE/AN3/Semestrul2/LMDSH/Tema1/SchemaQuartus/addsub.bdf             ;         ;
; 4x8mux.bdf                                                             ; yes             ; User Block Diagram/Schematic File      ; D:/FACULTATE/AN3/Semestrul2/LMDSH/Tema1/SchemaQuartus/4x8mux.bdf             ;         ;
; 2x5mux.bdf                                                             ; yes             ; User Block Diagram/Schematic File      ; D:/FACULTATE/AN3/Semestrul2/LMDSH/Tema1/SchemaQuartus/2x5mux.bdf             ;         ;
; EC2.bdf                                                                ; yes             ; User Block Diagram/Schematic File      ; D:/FACULTATE/AN3/Semestrul2/LMDSH/Tema1/SchemaQuartus/EC2.bdf                ;         ;
; lpm_ram_dq.tdf                                                         ; yes             ; Megafunction                           ; c:/intelfpga_lite/20.1/quartus/libraries/megafunctions/lpm_ram_dq.tdf        ;         ;
; altram.inc                                                             ; yes             ; Megafunction                           ; c:/intelfpga_lite/20.1/quartus/libraries/megafunctions/altram.inc            ;         ;
; lpm_mux.inc                                                            ; yes             ; Megafunction                           ; c:/intelfpga_lite/20.1/quartus/libraries/megafunctions/lpm_mux.inc           ;         ;
; lpm_decode.inc                                                         ; yes             ; Megafunction                           ; c:/intelfpga_lite/20.1/quartus/libraries/megafunctions/lpm_decode.inc        ;         ;
; aglobal201.inc                                                         ; yes             ; Megafunction                           ; c:/intelfpga_lite/20.1/quartus/libraries/megafunctions/aglobal201.inc        ;         ;
; altram.tdf                                                             ; yes             ; Megafunction                           ; c:/intelfpga_lite/20.1/quartus/libraries/megafunctions/altram.tdf            ;         ;
; memmodes.inc                                                           ; yes             ; Megafunction                           ; c:/intelfpga_lite/20.1/quartus/libraries/others/maxplus2/memmodes.inc        ;         ;
; altsyncram.inc                                                         ; yes             ; Megafunction                           ; c:/intelfpga_lite/20.1/quartus/libraries/megafunctions/altsyncram.inc        ;         ;
; altsyncram.tdf                                                         ; yes             ; Megafunction                           ; c:/intelfpga_lite/20.1/quartus/libraries/megafunctions/altsyncram.tdf        ;         ;
; stratix_ram_block.inc                                                  ; yes             ; Megafunction                           ; c:/intelfpga_lite/20.1/quartus/libraries/megafunctions/stratix_ram_block.inc ;         ;
; a_rdenreg.inc                                                          ; yes             ; Megafunction                           ; c:/intelfpga_lite/20.1/quartus/libraries/megafunctions/a_rdenreg.inc         ;         ;
; altrom.inc                                                             ; yes             ; Megafunction                           ; c:/intelfpga_lite/20.1/quartus/libraries/megafunctions/altrom.inc            ;         ;
; altdpram.inc                                                           ; yes             ; Megafunction                           ; c:/intelfpga_lite/20.1/quartus/libraries/megafunctions/altdpram.inc          ;         ;
; db/altsyncram_vpl1.tdf                                                 ; yes             ; Auto-Generated Megafunction            ; D:/FACULTATE/AN3/Semestrul2/LMDSH/Tema1/SchemaQuartus/db/altsyncram_vpl1.tdf ;         ;
; D:/FACULTATE/AN3/Semestrul2/LMDSH/Tema1/SchemaQuartus/program_test.mif ; yes             ; Auto-Found Memory Initialization File  ; D:/FACULTATE/AN3/Semestrul2/LMDSH/Tema1/SchemaQuartus/program_test.mif       ;         ;
+------------------------------------------------------------------------+-----------------+----------------------------------------+------------------------------------------------------------------------------+---------+


+-------------------------------------------------------------+
; Analysis & Synthesis Resource Usage Summary                 ;
+-----------------------------------------------+-------------+
; Resource                                      ; Usage       ;
+-----------------------------------------------+-------------+
; Estimated ALUTs Used                          ; 43          ;
;     -- Combinational ALUTs                    ; 43          ;
;     -- Memory ALUTs                           ; 0           ;
;     -- LUT_REGs                               ; 0           ;
; Dedicated logic registers                     ; 25          ;
;                                               ;             ;
; Estimated ALUTs Unavailable                   ; 9           ;
;     -- Due to unpartnered combinational logic ; 9           ;
;     -- Due to Memory ALUTs                    ; 0           ;
;                                               ;             ;
; Total combinational functions                 ; 43          ;
; Combinational ALUT usage by number of inputs  ;             ;
;     -- 7 input functions                      ; 7           ;
;     -- 6 input functions                      ; 7           ;
;     -- 5 input functions                      ; 6           ;
;     -- 4 input functions                      ; 14          ;
;     -- <=3 input functions                    ; 9           ;
;                                               ;             ;
; Combinational ALUTs by mode                   ;             ;
;     -- normal mode                            ; 36          ;
;     -- extended LUT mode                      ; 7           ;
;     -- arithmetic mode                        ; 0           ;
;     -- shared arithmetic mode                 ; 0           ;
;                                               ;             ;
; Estimated ALUT/register pairs used            ; 58          ;
;                                               ;             ;
; Total registers                               ; 25          ;
;     -- Dedicated logic registers              ; 25          ;
;     -- I/O registers                          ; 0           ;
;     -- LUT_REGs                               ; 0           ;
;                                               ;             ;
;                                               ;             ;
; I/O pins                                      ; 20          ;
; Total MLAB memory bits                        ; 0           ;
; Total block memory bits                       ; 256         ;
;                                               ;             ;
; DSP block 18-bit elements                     ; 0           ;
;                                               ;             ;
; Maximum fan-out node                          ; Clock~input ;
; Maximum fan-out                               ; 33          ;
; Total fan-out                                 ; 393         ;
; Average fan-out                               ; 3.39        ;
+-----------------------------------------------+-------------+


+-----------------------------------------------------------------------------------------------------------------------------------------------------------------------------------------------------------------------------------------------------------------------------------------------------------------------------------------+
; Analysis & Synthesis Resource Utilization by Entity                                                                                                                                                                                                                                                                                     ;
+-------------------------------------------------+---------------------+---------------------------+-------------------+--------------+---------+-----------+-----------+-----------+------+--------------+---------------------------------------------------------------------------------------------+-----------------+--------------+
; Compilation Hierarchy Node                      ; Combinational ALUTs ; Dedicated Logic Registers ; Block Memory Bits ; DSP Elements ; DSP 9x9 ; DSP 12x12 ; DSP 18x18 ; DSP 36x36 ; Pins ; Virtual Pins ; Full Hierarchy Name                                                                         ; Entity Name     ; Library Name ;
+-------------------------------------------------+---------------------+---------------------------+-------------------+--------------+---------+-----------+-----------+-----------+------+--------------+---------------------------------------------------------------------------------------------+-----------------+--------------+
; |EC2                                            ; 43 (0)              ; 25 (0)                    ; 256               ; 0            ; 0       ; 0         ; 0         ; 0         ; 20   ; 0            ; |EC2                                                                                        ; EC2             ; work         ;
;    |cu:inst|                                    ; 17 (17)             ; 4 (4)                     ; 0                 ; 0            ; 0       ; 0         ; 0         ; 0         ; 0    ; 0            ; |EC2|cu:inst                                                                                ; cu              ; work         ;
;    |dp:inst2|                                   ; 26 (0)              ; 21 (0)                    ; 256               ; 0            ; 0       ; 0         ; 0         ; 0         ; 0    ; 0            ; |EC2|dp:inst2                                                                               ; dp              ; work         ;
;       |2x5mux:61|                               ; 5 (5)               ; 0 (0)                     ; 0                 ; 0            ; 0       ; 0         ; 0         ; 0         ; 0    ; 0            ; |EC2|dp:inst2|2x5mux:61                                                                     ; 2x5mux          ; work         ;
;       |2x5mux:73|                               ; 5 (5)               ; 0 (0)                     ; 0                 ; 0            ; 0       ; 0         ; 0         ; 0         ; 0    ; 0            ; |EC2|dp:inst2|2x5mux:73                                                                     ; 2x5mux          ; work         ;
;       |4x8mux:78|                               ; 8 (8)               ; 0 (0)                     ; 0                 ; 0            ; 0       ; 0         ; 0         ; 0         ; 0    ; 0            ; |EC2|dp:inst2|4x8mux:78                                                                     ; 4x8mux          ; work         ;
;       |addsub:63|                               ; 7 (0)               ; 0 (0)                     ; 0                 ; 0            ; 0       ; 0         ; 0         ; 0         ; 0    ; 0            ; |EC2|dp:inst2|addsub:63                                                                     ; addsub          ; work         ;
;          |fa:1|                                 ; 1 (1)               ; 0 (0)                     ; 0                 ; 0            ; 0       ; 0         ; 0         ; 0         ; 0    ; 0            ; |EC2|dp:inst2|addsub:63|fa:1                                                                ; fa              ; work         ;
;          |fa:29|                                ; 1 (1)               ; 0 (0)                     ; 0                 ; 0            ; 0       ; 0         ; 0         ; 0         ; 0    ; 0            ; |EC2|dp:inst2|addsub:63|fa:29                                                               ; fa              ; work         ;
;          |fa:2|                                 ; 1 (1)               ; 0 (0)                     ; 0                 ; 0            ; 0       ; 0         ; 0         ; 0         ; 0    ; 0            ; |EC2|dp:inst2|addsub:63|fa:2                                                                ; fa              ; work         ;
;          |fa:33|                                ; 1 (1)               ; 0 (0)                     ; 0                 ; 0            ; 0       ; 0         ; 0         ; 0         ; 0    ; 0            ; |EC2|dp:inst2|addsub:63|fa:33                                                               ; fa              ; work         ;
;          |fa:35|                                ; 1 (1)               ; 0 (0)                     ; 0                 ; 0            ; 0       ; 0         ; 0         ; 0         ; 0    ; 0            ; |EC2|dp:inst2|addsub:63|fa:35                                                               ; fa              ; work         ;
;          |fa:37|                                ; 1 (1)               ; 0 (0)                     ; 0                 ; 0            ; 0       ; 0         ; 0         ; 0         ; 0    ; 0            ; |EC2|dp:inst2|addsub:63|fa:37                                                               ; fa              ; work         ;
;          |fa:3|                                 ; 1 (1)               ; 0 (0)                     ; 0                 ; 0            ; 0       ; 0         ; 0         ; 0         ; 0    ; 0            ; |EC2|dp:inst2|addsub:63|fa:3                                                                ; fa              ; work         ;
;       |inc5:70|                                 ; 1 (0)               ; 0 (0)                     ; 0                 ; 0            ; 0       ; 0         ; 0         ; 0         ; 0    ; 0            ; |EC2|dp:inst2|inc5:70                                                                       ; inc5            ; work         ;
;          |fa:33|                                ; 1 (1)               ; 0 (0)                     ; 0                 ; 0            ; 0       ; 0         ; 0         ; 0         ; 0    ; 0            ; |EC2|dp:inst2|inc5:70|fa:33                                                                 ; fa              ; work         ;
;       |lpm_ram_dq:65|                           ; 0 (0)               ; 0 (0)                     ; 256               ; 0            ; 0       ; 0         ; 0         ; 0         ; 0    ; 0            ; |EC2|dp:inst2|lpm_ram_dq:65                                                                 ; lpm_ram_dq      ; work         ;
;          |altram:sram|                          ; 0 (0)               ; 0 (0)                     ; 256               ; 0            ; 0       ; 0         ; 0         ; 0         ; 0    ; 0            ; |EC2|dp:inst2|lpm_ram_dq:65|altram:sram                                                     ; altram          ; work         ;
;             |altsyncram:ram_block|              ; 0 (0)               ; 0 (0)                     ; 256               ; 0            ; 0       ; 0         ; 0         ; 0         ; 0    ; 0            ; |EC2|dp:inst2|lpm_ram_dq:65|altram:sram|altsyncram:ram_block                                ; altsyncram      ; work         ;
;                |altsyncram_vpl1:auto_generated| ; 0 (0)               ; 0 (0)                     ; 256               ; 0            ; 0       ; 0         ; 0         ; 0         ; 0    ; 0            ; |EC2|dp:inst2|lpm_ram_dq:65|altram:sram|altsyncram:ram_block|altsyncram_vpl1:auto_generated ; altsyncram_vpl1 ; work         ;
;       |reg5:60|                                 ; 0 (0)               ; 5 (5)                     ; 0                 ; 0            ; 0       ; 0         ; 0         ; 0         ; 0    ; 0            ; |EC2|dp:inst2|reg5:60                                                                       ; reg5            ; work         ;
;       |reg8:33|                                 ; 0 (0)               ; 8 (8)                     ; 0                 ; 0            ; 0       ; 0         ; 0         ; 0         ; 0    ; 0            ; |EC2|dp:inst2|reg8:33                                                                       ; reg8            ; work         ;
;       |reg8:51|                                 ; 0 (0)               ; 8 (8)                     ; 0                 ; 0            ; 0       ; 0         ; 0         ; 0         ; 0    ; 0            ; |EC2|dp:inst2|reg8:51                                                                       ; reg8            ; work         ;
+-------------------------------------------------+---------------------+---------------------------+-------------------+--------------+---------+-----------+-----------+-----------+------+--------------+---------------------------------------------------------------------------------------------+-----------------+--------------+
Note: For table entries with two numbers listed, the numbers in parentheses indicate the number of resources of the given type used by the specific entity alone. The numbers listed outside of parentheses indicate the total resources of the given type used by the specific entity and all of its sub-entities in the hierarchy.


+--------------------------------------------------------------------------------------------------------------------------------------------------------------------------------------------------------------------------------------------------------------------+
; Analysis & Synthesis RAM Summary                                                                                                                                                                                                                                   ;
+---------------------------------------------------------------------------------------------------+------+-------------+--------------+--------------+--------------+--------------+------+------------------------------------------------------------------------+
; Name                                                                                              ; Type ; Mode        ; Port A Depth ; Port A Width ; Port B Depth ; Port B Width ; Size ; MIF                                                                    ;
+---------------------------------------------------------------------------------------------------+------+-------------+--------------+--------------+--------------+--------------+------+------------------------------------------------------------------------+
; dp:inst2|lpm_ram_dq:65|altram:sram|altsyncram:ram_block|altsyncram_vpl1:auto_generated|ALTSYNCRAM ; AUTO ; Single Port ; 32           ; 8            ; --           ; --           ; 256  ; D:/FACULTATE/AN3/Semestrul2/LMDSH/Tema1/SchemaQuartus/program_test.mif ;
+---------------------------------------------------------------------------------------------------+------+-------------+--------------+--------------+--------------+--------------+------+------------------------------------------------------------------------+


+------------------------------------------------------+
; General Register Statistics                          ;
+----------------------------------------------+-------+
; Statistic                                    ; Value ;
+----------------------------------------------+-------+
; Total registers                              ; 25    ;
; Number of registers using Synchronous Clear  ; 0     ;
; Number of registers using Synchronous Load   ; 0     ;
; Number of registers using Asynchronous Clear ; 25    ;
; Number of registers using Asynchronous Load  ; 0     ;
; Number of registers using Clock Enable       ; 21    ;
; Number of registers using Preset             ; 0     ;
+----------------------------------------------+-------+


+---------------------------------------------------------------------------------------------------------------+
; Source assignments for dp:inst2|LPM_RAM_DQ:65|altram:sram|altsyncram:ram_block|altsyncram_vpl1:auto_generated ;
+---------------------------------+--------------------+------+-------------------------------------------------+
; Assignment                      ; Value              ; From ; To                                              ;
+---------------------------------+--------------------+------+-------------------------------------------------+
; OPTIMIZE_POWER_DURING_SYNTHESIS ; NORMAL_COMPILATION ; -    ; -                                               ;
+---------------------------------+--------------------+------+-------------------------------------------------+


+------------------------------------------------------------------------------------------------------------------+
; Parameter Settings for User Entity Instance: dp:inst2|LPM_RAM_DQ:65                                              ;
+------------------------+------------------------------------------------------------------------+----------------+
; Parameter Name         ; Value                                                                  ; Type           ;
+------------------------+------------------------------------------------------------------------+----------------+
; LPM_WIDTH              ; 8                                                                      ; Untyped        ;
; LPM_WIDTHAD            ; 5                                                                      ; Untyped        ;
; LPM_NUMWORDS           ; 32                                                                     ; Untyped        ;
; LPM_INDATA             ; REGISTERED                                                             ; Untyped        ;
; LPM_ADDRESS_CONTROL    ; REGISTERED                                                             ; Untyped        ;
; LPM_OUTDATA            ; UNREGISTERED                                                           ; Untyped        ;
; LPM_FILE               ; D:/FACULTATE/AN3/Semestrul2/LMDSH/Tema1/SchemaQuartus/program_test.mif ; Untyped        ;
; USE_EAB                ; ON                                                                     ; Untyped        ;
; DEVICE_FAMILY          ; Arria II GX                                                            ; Untyped        ;
; CBXI_PARAMETER         ; NOTHING                                                                ; Untyped        ;
; AUTO_CARRY_CHAINS      ; ON                                                                     ; AUTO_CARRY     ;
; IGNORE_CARRY_BUFFERS   ; OFF                                                                    ; IGNORE_CARRY   ;
; AUTO_CASCADE_CHAINS    ; ON                                                                     ; AUTO_CASCADE   ;
; IGNORE_CASCADE_BUFFERS ; OFF                                                                    ; IGNORE_CASCADE ;
+------------------------+------------------------------------------------------------------------+----------------+
Note: In order to hide this table in the UI and the text report file, please set the "Show Parameter Settings in Synthesis Report" option in "Analysis and Synthesis Settings -> More Settings" to "Off".


+-----------------------------------------------------+
; Post-Synthesis Netlist Statistics for Top Partition ;
+-----------------------+-----------------------------+
; Type                  ; Count                       ;
+-----------------------+-----------------------------+
; arriaii_ff            ; 25                          ;
;     CLR               ; 4                           ;
;     ENA CLR           ; 21                          ;
; boundary_port         ; 20                          ;
; stratixiv_lcell_comb  ; 43                          ;
;     extend            ; 7                           ;
;         7 data inputs ; 7                           ;
;     normal            ; 36                          ;
;         3 data inputs ; 9                           ;
;         4 data inputs ; 14                          ;
;         5 data inputs ; 6                           ;
;         6 data inputs ; 7                           ;
; stratixiv_ram_block   ; 8                           ;
;                       ;                             ;
; Max LUT depth         ; 5.00                        ;
; Average LUT depth     ; 2.37                        ;
+-----------------------+-----------------------------+


+-------------------------------+
; Elapsed Time Per Partition    ;
+----------------+--------------+
; Partition Name ; Elapsed Time ;
+----------------+--------------+
; Top            ; 00:00:00     ;
+----------------+--------------+


+-------------------------------+
; Analysis & Synthesis Messages ;
+-------------------------------+
Info: *******************************************************************
Info: Running Quartus Prime Analysis & Synthesis
    Info: Version 20.1.0 Build 711 06/05/2020 SJ Lite Edition
    Info: Processing started: Tue May 23 08:53:46 2023
Info: Command: quartus_map --read_settings_files=on --write_settings_files=off BCD_LMDSH -c BCD_LMDSH
Warning (18236): Number of processors has not been specified which may cause overloading on shared machines.  Set the global assignment NUM_PARALLEL_PROCESSORS in your QSF to an appropriate value for best performance.
Info (20030): Parallel compilation is enabled and will use 8 of the 8 processors detected
Info (12021): Found 1 design units, including 1 entities, in source file reg8.bdf
    Info (12023): Found entity 1: reg8
Info (12021): Found 1 design units, including 1 entities, in source file reg5.bdf
    Info (12023): Found entity 1: reg5
Info (12021): Found 1 design units, including 1 entities, in source file mp.bdf
    Info (12023): Found entity 1: mp
Info (12021): Found 1 design units, including 1 entities, in source file inc5.bdf
    Info (12023): Found entity 1: inc5
Info (12021): Found 1 design units, including 1 entities, in source file fa.bdf
    Info (12023): Found entity 1: fa
Info (12021): Found 1 design units, including 1 entities, in source file dp.bdf
    Info (12023): Found entity 1: dp
Info (12021): Found 1 design units, including 1 entities, in source file cu.bdf
    Info (12023): Found entity 1: cu
Info (12021): Found 1 design units, including 1 entities, in source file addsub.bdf
    Info (12023): Found entity 1: addsub
Info (12021): Found 1 design units, including 1 entities, in source file 4x8mux.bdf
    Info (12023): Found entity 1: 4x8mux
Info (12021): Found 1 design units, including 1 entities, in source file 2x5mux.bdf
    Info (12023): Found entity 1: 2x5mux
Info (12021): Found 1 design units, including 1 entities, in source file bcd_lmdsh.bdf
    Info (12023): Found entity 1: BCD_LMDSH
Info (12021): Found 1 design units, including 1 entities, in source file ec2.bdf
    Info (12023): Found entity 1: EC2
Info (12127): Elaborating entity "EC2" for the top level hierarchy
Info (12128): Elaborating entity "cu" for hierarchy "cu:inst"
Warning (275008): Primitive "NOT" of instance "231" not used
Warning (275008): Primitive "NOT" of instance "232" not used
Warning (275008): Primitive "NOT" of instance "233" not used
Info (12128): Elaborating entity "dp" for hierarchy "dp:inst2"
Warning (275006): Can't find a definition for parameter LPM_FILE -- assuming D:/FACULTATE/AN3/Semestrul2/LMDSH/Tema1/SchemaQuartus/program_test.mif was intended to be a quoted string
Info (12128): Elaborating entity "reg8" for hierarchy "dp:inst2|reg8:51"
Info (12128): Elaborating entity "4x8mux" for hierarchy "dp:inst2|4x8mux:78"
Info (12128): Elaborating entity "addsub" for hierarchy "dp:inst2|addsub:63"
Info (12128): Elaborating entity "fa" for hierarchy "dp:inst2|addsub:63|fa:3"
Info (12128): Elaborating entity "LPM_RAM_DQ" for hierarchy "dp:inst2|LPM_RAM_DQ:65"
Info (12130): Elaborated megafunction instantiation "dp:inst2|LPM_RAM_DQ:65"
Info (12133): Instantiated megafunction "dp:inst2|LPM_RAM_DQ:65" with the following parameter:
    Info (12134): Parameter "LPM_FILE" = "D:/FACULTATE/AN3/Semestrul2/LMDSH/Tema1/SchemaQuartus/program_test.mif"
    Info (12134): Parameter "LPM_OUTDATA" = "UNREGISTERED"
    Info (12134): Parameter "LPM_WIDTH" = "8"
    Info (12134): Parameter "LPM_WIDTHAD" = "5"
Info (12128): Elaborating entity "altram" for hierarchy "dp:inst2|LPM_RAM_DQ:65|altram:sram" File: c:/intelfpga_lite/20.1/quartus/libraries/megafunctions/lpm_ram_dq.tdf Line: 106
Warning (287001): Assertion warning: altram does not support Arria II GX device family -- attempting best-case memory conversions, but power-up states and read during write behavior will be different for Arria II GX devices File: c:/intelfpga_lite/20.1/quartus/libraries/megafunctions/altram.tdf Line: 212
Info (12131): Elaborated megafunction instantiation "dp:inst2|LPM_RAM_DQ:65|altram:sram", which is child of megafunction instantiation "dp:inst2|LPM_RAM_DQ:65" File: c:/intelfpga_lite/20.1/quartus/libraries/megafunctions/lpm_ram_dq.tdf Line: 106
Info (12128): Elaborating entity "altsyncram" for hierarchy "dp:inst2|LPM_RAM_DQ:65|altram:sram|altsyncram:ram_block" File: c:/intelfpga_lite/20.1/quartus/libraries/megafunctions/altram.tdf Line: 103
Info (12131): Elaborated megafunction instantiation "dp:inst2|LPM_RAM_DQ:65|altram:sram|altsyncram:ram_block", which is child of megafunction instantiation "dp:inst2|LPM_RAM_DQ:65" File: c:/intelfpga_lite/20.1/quartus/libraries/megafunctions/altram.tdf Line: 103
Info (12021): Found 1 design units, including 1 entities, in source file db/altsyncram_vpl1.tdf
    Info (12023): Found entity 1: altsyncram_vpl1 File: D:/FACULTATE/AN3/Semestrul2/LMDSH/Tema1/SchemaQuartus/db/altsyncram_vpl1.tdf Line: 28
Info (12128): Elaborating entity "altsyncram_vpl1" for hierarchy "dp:inst2|LPM_RAM_DQ:65|altram:sram|altsyncram:ram_block|altsyncram_vpl1:auto_generated" File: c:/intelfpga_lite/20.1/quartus/libraries/megafunctions/altsyncram.tdf Line: 792
Warning (113031): 6 out of 32 addresses are reinitialized. The latest initialized data will replace the existing data. There are 6 warnings found, and 6 warnings are reported. File: D:/FACULTATE/AN3/Semestrul2/LMDSH/Tema1/SchemaQuartus/program_test.mif Line: 1
    Warning (113030): Memory Initialization File address 0 is reinitialized File: D:/FACULTATE/AN3/Semestrul2/LMDSH/Tema1/SchemaQuartus/ Line: 34
    Warning (113030): Memory Initialization File address 1 is reinitialized File: D:/FACULTATE/AN3/Semestrul2/LMDSH/Tema1/SchemaQuartus/ Line: 35
    Warning (113030): Memory Initialization File address 2 is reinitialized File: D:/FACULTATE/AN3/Semestrul2/LMDSH/Tema1/SchemaQuartus/ Line: 36
    Warning (113030): Memory Initialization File address 3 is reinitialized File: D:/FACULTATE/AN3/Semestrul2/LMDSH/Tema1/SchemaQuartus/ Line: 37
    Warning (113030): Memory Initialization File address 4 is reinitialized File: D:/FACULTATE/AN3/Semestrul2/LMDSH/Tema1/SchemaQuartus/ Line: 38
    Warning (113030): Memory Initialization File address 31 is reinitialized File: D:/FACULTATE/AN3/Semestrul2/LMDSH/Tema1/SchemaQuartus/ Line: 40
Info (12128): Elaborating entity "2x5mux" for hierarchy "dp:inst2|2x5mux:73"
Info (12128): Elaborating entity "reg5" for hierarchy "dp:inst2|reg5:60"
Info (12128): Elaborating entity "inc5" for hierarchy "dp:inst2|inc5:70"
Info (286030): Timing-Driven Synthesis is running
Info (16010): Generating hard_block partition "hard_block:auto_generated_inst"
    Info (16011): Adding 0 node(s), including 0 DDIO, 0 PLL, 0 transceiver and 0 LCELL
Info (21057): Implemented 79 device resources after synthesis - the final resource count might be different
    Info (21058): Implemented 11 input pins
    Info (21059): Implemented 9 output pins
    Info (21061): Implemented 51 logic cells
    Info (21064): Implemented 8 RAM segments
Info: Quartus Prime Analysis & Synthesis was successful. 0 errors, 13 warnings
    Info: Peak virtual memory: 4878 megabytes
    Info: Processing ended: Tue May 23 08:53:59 2023
    Info: Elapsed time: 00:00:13
    Info: Total CPU time (on all processors): 00:00:16


