Analysis & Synthesis report for EC2
Tue May 23 09:02:14 2023
Quartus II Version 9.1 Build 350 03/24/2010 Service Pack 2 SJ Web Edition


---------------------
; Table of Contents ;
---------------------
  1. Legal Notice
  2. Analysis & Synthesis Summary
  3. Analysis & Synthesis Settings
  4. Parallel Compilation
  5. Analysis & Synthesis Source Files Read
  6. Analysis & Synthesis Resource Usage Summary
  7. Analysis & Synthesis Resource Utilization by Entity
  8. Analysis & Synthesis RAM Summary
  9. General Register Statistics
 10. Source assignments for dp:inst2|LPM_RAM_DQ:65|altram:sram|altsyncram:ram_block|altsyncram_2cf1:auto_generated
 11. Parameter Settings for User Entity Instance: dp:inst2|LPM_RAM_DQ:65
 12. Analysis & Synthesis Messages



----------------
; Legal Notice ;
----------------
Copyright (C) 1991-2010 Altera Corporation
Your use of Altera Corporation's design tools, logic functions 
and other software and tools, and its AMPP partner logic 
functions, and any output files from any of the foregoing 
(including device programming or simulation files), and any 
associated documentation or information are expressly subject 
to the terms and conditions of the Altera Program License 
Subscription Agreement, Altera MegaCore Function License 
Agreement, or other applicable license agreement, including, 
without limitation, that your use is for the sole purpose of 
programming logic devices manufactured by Altera and sold by 
Altera or its authorized distributors.  Please refer to the 
applicable agreement for further details.



+------------------------------------------------------------------------------+
; Analysis & Synthesis Summary                                                 ;
+-------------------------------+----------------------------------------------+
; Analysis & Synthesis Status   ; Successful - Tue May 23 09:02:14 2023        ;
; Quartus II Version            ; 9.1 Build 350 03/24/2010 SP 2 SJ Web Edition ;
; Revision Name                 ; EC2                                          ;
; Top-level Entity Name         ; ec2                                          ;
; Family                        ; Stratix II                                   ;
; Logic utilization             ; N/A                                          ;
;     Combinational ALUTs       ; 46                                           ;
;     Dedicated logic registers ; 25                                           ;
; Total registers               ; 25                                           ;
; Total pins                    ; 20                                           ;
; Total virtual pins            ; 0                                            ;
; Total block memory bits       ; 256                                          ;
; DSP block 9-bit elements      ; 0                                            ;
; Total PLLs                    ; 0                                            ;
; Total DLLs                    ; 0                                            ;
+-------------------------------+----------------------------------------------+


+----------------------------------------------------------------------------------------------------------------------+
; Analysis & Synthesis Settings                                                                                        ;
+----------------------------------------------------------------------------+--------------------+--------------------+
; Option                                                                     ; Setting            ; Default Value      ;
+----------------------------------------------------------------------------+--------------------+--------------------+
; Top-level entity name                                                      ; EC2                ; EC2                ;
; Family name                                                                ; Stratix II         ; Stratix II         ;
; Use smart compilation                                                      ; Off                ; Off                ;
; Enable parallel Assembler and TimeQuest Timing Analyzer during compilation ; On                 ; On                 ;
; Enable compact report table                                                ; Off                ; Off                ;
; Restructure Multiplexers                                                   ; Auto               ; Auto               ;
; Create Debugging Nodes for IP Cores                                        ; Off                ; Off                ;
; Preserve fewer node names                                                  ; On                 ; On                 ;
; Disable OpenCore Plus hardware evaluation                                  ; Off                ; Off                ;
; Verilog Version                                                            ; Verilog_2001       ; Verilog_2001       ;
; VHDL Version                                                               ; VHDL_1993          ; VHDL_1993          ;
; State Machine Processing                                                   ; Auto               ; Auto               ;
; Safe State Machine                                                         ; Off                ; Off                ;
; Extract Verilog State Machines                                             ; On                 ; On                 ;
; Extract VHDL State Machines                                                ; On                 ; On                 ;
; Ignore Verilog initial constructs                                          ; Off                ; Off                ;
; Iteration limit for constant Verilog loops                                 ; 5000               ; 5000               ;
; Iteration limit for non-constant Verilog loops                             ; 250                ; 250                ;
; Add Pass-Through Logic to Inferred RAMs                                    ; On                 ; On                 ;
; Parallel Synthesis                                                         ; On                 ; On                 ;
; DSP Block Balancing                                                        ; Auto               ; Auto               ;
; NOT Gate Push-Back                                                         ; On                 ; On                 ;
; Power-Up Don't Care                                                        ; On                 ; On                 ;
; Remove Redundant Logic Cells                                               ; Off                ; Off                ;
; Remove Duplicate Registers                                                 ; On                 ; On                 ;
; Ignore CARRY Buffers                                                       ; Off                ; Off                ;
; Ignore CASCADE Buffers                                                     ; Off                ; Off                ;
; Ignore GLOBAL Buffers                                                      ; Off                ; Off                ;
; Ignore ROW GLOBAL Buffers                                                  ; Off                ; Off                ;
; Ignore LCELL Buffers                                                       ; Off                ; Off                ;
; Ignore SOFT Buffers                                                        ; On                 ; On                 ;
; Limit AHDL Integers to 32 Bits                                             ; Off                ; Off                ;
; Optimization Technique                                                     ; Balanced           ; Balanced           ;
; Carry Chain Length                                                         ; 70                 ; 70                 ;
; Auto Carry Chains                                                          ; On                 ; On                 ;
; Auto Open-Drain Pins                                                       ; On                 ; On                 ;
; Perform WYSIWYG Primitive Resynthesis                                      ; Off                ; Off                ;
; Auto ROM Replacement                                                       ; On                 ; On                 ;
; Auto RAM Replacement                                                       ; On                 ; On                 ;
; Auto DSP Block Replacement                                                 ; On                 ; On                 ;
; Auto Shift Register Replacement                                            ; Auto               ; Auto               ;
; Auto Clock Enable Replacement                                              ; On                 ; On                 ;
; Strict RAM Replacement                                                     ; Off                ; Off                ;
; Allow Synchronous Control Signals                                          ; On                 ; On                 ;
; Force Use of Synchronous Clear Signals                                     ; Off                ; Off                ;
; Auto RAM Block Balancing                                                   ; On                 ; On                 ;
; Auto RAM to Logic Cell Conversion                                          ; Off                ; Off                ;
; Auto Resource Sharing                                                      ; Off                ; Off                ;
; Allow Any RAM Size For Recognition                                         ; Off                ; Off                ;
; Allow Any ROM Size For Recognition                                         ; Off                ; Off                ;
; Allow Any Shift Register Size For Recognition                              ; Off                ; Off                ;
; Use LogicLock Constraints during Resource Balancing                        ; On                 ; On                 ;
; Ignore translate_off and synthesis_off directives                          ; Off                ; Off                ;
; Timing-Driven Synthesis                                                    ; Off                ; Off                ;
; Show Parameter Settings Tables in Synthesis Report                         ; On                 ; On                 ;
; Ignore Maximum Fan-Out Assignments                                         ; Off                ; Off                ;
; Synchronization Register Chain Length                                      ; 2                  ; 2                  ;
; PowerPlay Power Optimization                                               ; Normal compilation ; Normal compilation ;
; HDL message level                                                          ; Level2             ; Level2             ;
; Suppress Register Optimization Related Messages                            ; Off                ; Off                ;
; Number of Removed Registers Reported in Synthesis Report                   ; 5000               ; 5000               ;
; Number of Inverted Registers Reported in Synthesis Report                  ; 100                ; 100                ;
; Clock MUX Protection                                                       ; On                 ; On                 ;
; Auto Gated Clock Conversion                                                ; Off                ; Off                ;
; Block Design Naming                                                        ; Auto               ; Auto               ;
; SDC constraint protection                                                  ; Off                ; Off                ;
; Synthesis Effort                                                           ; Auto               ; Auto               ;
; Shift Register Replacement - Allow Asynchronous Clear Signal               ; On                 ; On                 ;
; Analysis & Synthesis Message Level                                         ; Medium             ; Medium             ;
; Disable Register Merging Across Hierarchies                                ; Auto               ; Auto               ;
; Resource Aware Inference For Block RAM                                     ; On                 ; On                 ;
+----------------------------------------------------------------------------+--------------------+--------------------+


Parallel compilation was disabled, but you have multiple processors available. Enable parallel compilation to reduce compilation time.
+-------------------------------------+
; Parallel Compilation                ;
+----------------------------+--------+
; Processors                 ; Number ;
+----------------------------+--------+
; Number detected on machine ; 8      ;
; Maximum allowed            ; 1      ;
+----------------------------+--------+


+--------------------------------------------------------------------------------------------------------------------------------------------------------------------------------------------------------------------+
; Analysis & Synthesis Source Files Read                                                                                                                                                                             ;
+------------------------------------------------------------------------+-----------------+------------------------------------------+------------------------------------------------------------------------------+
; File Name with User-Entered Path                                       ; Used in Netlist ; File Type                                ; File Name with Absolute Path                                                 ;
+------------------------------------------------------------------------+-----------------+------------------------------------------+------------------------------------------------------------------------------+
; ec2.bdf                                                                ; yes             ; Auto-Found Block Diagram/Schematic File  ; D:/FACULTATE/AN3/Semestrul2/LMDSH/Tema1/SchemaQuartus/ec2.bdf                ;
; cu.bdf                                                                 ; yes             ; Auto-Found Block Diagram/Schematic File  ; D:/FACULTATE/AN3/Semestrul2/LMDSH/Tema1/SchemaQuartus/cu.bdf                 ;
; dp.bdf                                                                 ; yes             ; Auto-Found Block Diagram/Schematic File  ; D:/FACULTATE/AN3/Semestrul2/LMDSH/Tema1/SchemaQuartus/dp.bdf                 ;
; reg8.bdf                                                               ; yes             ; Auto-Found Block Diagram/Schematic File  ; D:/FACULTATE/AN3/Semestrul2/LMDSH/Tema1/SchemaQuartus/reg8.bdf               ;
; 4x8mux.bdf                                                             ; yes             ; Auto-Found Block Diagram/Schematic File  ; D:/FACULTATE/AN3/Semestrul2/LMDSH/Tema1/SchemaQuartus/4x8mux.bdf             ;
; addsub.bdf                                                             ; yes             ; Auto-Found Block Diagram/Schematic File  ; D:/FACULTATE/AN3/Semestrul2/LMDSH/Tema1/SchemaQuartus/addsub.bdf             ;
; fa.bdf                                                                 ; yes             ; Auto-Found Block Diagram/Schematic File  ; D:/FACULTATE/AN3/Semestrul2/LMDSH/Tema1/SchemaQuartus/fa.bdf                 ;
; lpm_ram_dq.tdf                                                         ; yes             ; Megafunction                             ; c:/altera/91sp2/quartus/libraries/megafunctions/lpm_ram_dq.tdf               ;
; altram.tdf                                                             ; yes             ; Megafunction                             ; c:/altera/91sp2/quartus/libraries/megafunctions/altram.tdf                   ;
; altsyncram.tdf                                                         ; yes             ; Megafunction                             ; c:/altera/91sp2/quartus/libraries/megafunctions/altsyncram.tdf               ;
; db/altsyncram_2cf1.tdf                                                 ; yes             ; Auto-Generated Megafunction              ; D:/FACULTATE/AN3/Semestrul2/LMDSH/Tema1/SchemaQuartus/db/altsyncram_2cf1.tdf ;
; D:/FACULTATE/AN3/Semestrul2/LMDSH/Tema1/SchemaQuartus/program_test.mif ; yes             ; Auto-Found Memory Initialization File    ; D:/FACULTATE/AN3/Semestrul2/LMDSH/Tema1/SchemaQuartus/program_test.mif       ;
; 2x5mux.bdf                                                             ; yes             ; Auto-Found Block Diagram/Schematic File  ; D:/FACULTATE/AN3/Semestrul2/LMDSH/Tema1/SchemaQuartus/2x5mux.bdf             ;
; reg5.bdf                                                               ; yes             ; Auto-Found Block Diagram/Schematic File  ; D:/FACULTATE/AN3/Semestrul2/LMDSH/Tema1/SchemaQuartus/reg5.bdf               ;
; inc5.bdf                                                               ; yes             ; Auto-Found Block Diagram/Schematic File  ; D:/FACULTATE/AN3/Semestrul2/LMDSH/Tema1/SchemaQuartus/inc5.bdf               ;
+------------------------------------------------------------------------+-----------------+------------------------------------------+------------------------------------------------------------------------------+


+-------------------------------------------------------+
; Analysis & Synthesis Resource Usage Summary           ;
+-----------------------------------------------+-------+
; Resource                                      ; Usage ;
+-----------------------------------------------+-------+
; Estimated ALUTs Used                          ; 46    ;
; Dedicated logic registers                     ; 25    ;
;                                               ;       ;
; Estimated ALUTs Unavailable                   ; 6     ;
;                                               ;       ;
; Total combinational functions                 ; 46    ;
; Combinational ALUT usage by number of inputs  ;       ;
;     -- 7 input functions                      ; 2     ;
;     -- 6 input functions                      ; 9     ;
;     -- 5 input functions                      ; 11    ;
;     -- 4 input functions                      ; 15    ;
;     -- <=3 input functions                    ; 9     ;
;                                               ;       ;
; Combinational ALUTs by mode                   ;       ;
;     -- normal mode                            ; 44    ;
;     -- extended LUT mode                      ; 2     ;
;     -- arithmetic mode                        ; 0     ;
;     -- shared arithmetic mode                 ; 0     ;
;                                               ;       ;
; Estimated ALUT/register pairs used            ; 58    ;
;                                               ;       ;
; Total registers                               ; 25    ;
;     -- Dedicated logic registers              ; 25    ;
;     -- I/O registers                          ; 0     ;
;                                               ;       ;
; Estimated ALMs:  partially or completely used ; 29    ;
;                                               ;       ;
; I/O pins                                      ; 20    ;
; Total block memory bits                       ; 256   ;
; Maximum fan-out node                          ; Clock ;
; Maximum fan-out                               ; 33    ;
; Total fan-out                                 ; 379   ;
; Average fan-out                               ; 3.83  ;
+-----------------------------------------------+-------+


+--------------------------------------------------------------------------------------------------------------------------------------------------------------------------------------------------------------------------------------------------------------------------------------------+
; Analysis & Synthesis Resource Utilization by Entity                                                                                                                                                                                                                                        ;
+-------------------------------------------------+-------------------+--------------+-------------------+--------------+---------+-----------+-----------+------+--------------+---------------------------------------------------------------------------------------------+--------------+
; Compilation Hierarchy Node                      ; LC Combinationals ; LC Registers ; Block Memory Bits ; DSP Elements ; DSP 9x9 ; DSP 18x18 ; DSP 36x36 ; Pins ; Virtual Pins ; Full Hierarchy Name                                                                         ; Library Name ;
+-------------------------------------------------+-------------------+--------------+-------------------+--------------+---------+-----------+-----------+------+--------------+---------------------------------------------------------------------------------------------+--------------+
; |ec2                                            ; 46 (0)            ; 25 (0)       ; 256               ; 0            ; 0       ; 0         ; 0         ; 20   ; 0            ; |ec2                                                                                        ; work         ;
;    |cu:inst|                                    ; 17 (17)           ; 4 (4)        ; 0                 ; 0            ; 0       ; 0         ; 0         ; 0    ; 0            ; |ec2|cu:inst                                                                                ;              ;
;    |dp:inst2|                                   ; 29 (0)            ; 21 (0)       ; 256               ; 0            ; 0       ; 0         ; 0         ; 0    ; 0            ; |ec2|dp:inst2                                                                               ; work         ;
;       |2x5mux:61|                               ; 5 (5)             ; 0 (0)        ; 0                 ; 0            ; 0       ; 0         ; 0         ; 0    ; 0            ; |ec2|dp:inst2|2x5mux:61                                                                     ;              ;
;       |2x5mux:73|                               ; 5 (5)             ; 0 (0)        ; 0                 ; 0            ; 0       ; 0         ; 0         ; 0    ; 0            ; |ec2|dp:inst2|2x5mux:73                                                                     ;              ;
;       |4x8mux:78|                               ; 8 (8)             ; 0 (0)        ; 0                 ; 0            ; 0       ; 0         ; 0         ; 0    ; 0            ; |ec2|dp:inst2|4x8mux:78                                                                     ; work         ;
;       |addsub:63|                               ; 10 (0)            ; 0 (0)        ; 0                 ; 0            ; 0       ; 0         ; 0         ; 0    ; 0            ; |ec2|dp:inst2|addsub:63                                                                     ; work         ;
;          |fa:1|                                 ; 2 (2)             ; 0 (0)        ; 0                 ; 0            ; 0       ; 0         ; 0         ; 0    ; 0            ; |ec2|dp:inst2|addsub:63|fa:1                                                                ; work         ;
;          |fa:29|                                ; 1 (1)             ; 0 (0)        ; 0                 ; 0            ; 0       ; 0         ; 0         ; 0    ; 0            ; |ec2|dp:inst2|addsub:63|fa:29                                                               ; work         ;
;          |fa:2|                                 ; 2 (2)             ; 0 (0)        ; 0                 ; 0            ; 0       ; 0         ; 0         ; 0    ; 0            ; |ec2|dp:inst2|addsub:63|fa:2                                                                ; work         ;
;          |fa:33|                                ; 2 (2)             ; 0 (0)        ; 0                 ; 0            ; 0       ; 0         ; 0         ; 0    ; 0            ; |ec2|dp:inst2|addsub:63|fa:33                                                               ; work         ;
;          |fa:35|                                ; 1 (1)             ; 0 (0)        ; 0                 ; 0            ; 0       ; 0         ; 0         ; 0    ; 0            ; |ec2|dp:inst2|addsub:63|fa:35                                                               ; work         ;
;          |fa:37|                                ; 1 (1)             ; 0 (0)        ; 0                 ; 0            ; 0       ; 0         ; 0         ; 0    ; 0            ; |ec2|dp:inst2|addsub:63|fa:37                                                               ; work         ;
;          |fa:3|                                 ; 1 (1)             ; 0 (0)        ; 0                 ; 0            ; 0       ; 0         ; 0         ; 0    ; 0            ; |ec2|dp:inst2|addsub:63|fa:3                                                                ; work         ;
;       |inc5:70|                                 ; 1 (0)             ; 0 (0)        ; 0                 ; 0            ; 0       ; 0         ; 0         ; 0    ; 0            ; |ec2|dp:inst2|inc5:70                                                                       ; work         ;
;          |fa:33|                                ; 1 (1)             ; 0 (0)        ; 0                 ; 0            ; 0       ; 0         ; 0         ; 0    ; 0            ; |ec2|dp:inst2|inc5:70|fa:33                                                                 ; work         ;
;       |lpm_ram_dq:65|                           ; 0 (0)             ; 0 (0)        ; 256               ; 0            ; 0       ; 0         ; 0         ; 0    ; 0            ; |ec2|dp:inst2|lpm_ram_dq:65                                                                 ; work         ;
;          |altram:sram|                          ; 0 (0)             ; 0 (0)        ; 256               ; 0            ; 0       ; 0         ; 0         ; 0    ; 0            ; |ec2|dp:inst2|lpm_ram_dq:65|altram:sram                                                     ; work         ;
;             |altsyncram:ram_block|              ; 0 (0)             ; 0 (0)        ; 256               ; 0            ; 0       ; 0         ; 0         ; 0    ; 0            ; |ec2|dp:inst2|lpm_ram_dq:65|altram:sram|altsyncram:ram_block                                ;              ;
;                |altsyncram_2cf1:auto_generated| ; 0 (0)             ; 0 (0)        ; 256               ; 0            ; 0       ; 0         ; 0         ; 0    ; 0            ; |ec2|dp:inst2|lpm_ram_dq:65|altram:sram|altsyncram:ram_block|altsyncram_2cf1:auto_generated ; work         ;
;       |reg5:60|                                 ; 0 (0)             ; 5 (5)        ; 0                 ; 0            ; 0       ; 0         ; 0         ; 0    ; 0            ; |ec2|dp:inst2|reg5:60                                                                       ; work         ;
;       |reg8:33|                                 ; 0 (0)             ; 8 (8)        ; 0                 ; 0            ; 0       ; 0         ; 0         ; 0    ; 0            ; |ec2|dp:inst2|reg8:33                                                                       ; work         ;
;       |reg8:51|                                 ; 0 (0)             ; 8 (8)        ; 0                 ; 0            ; 0       ; 0         ; 0         ; 0    ; 0            ; |ec2|dp:inst2|reg8:51                                                                       ; work         ;
+-------------------------------------------------+-------------------+--------------+-------------------+--------------+---------+-----------+-----------+------+--------------+---------------------------------------------------------------------------------------------+--------------+
Note: For table entries with two numbers listed, the numbers in parentheses indicate the number of resources of the given type used by the specific entity alone. The numbers listed outside of parentheses indicate the total resources of the given type used by the specific entity and all of its sub-entities in the hierarchy.


+--------------------------------------------------------------------------------------------------------------------------------------------------------------------------------------------------------------------------------------------------------------------+
; Analysis & Synthesis RAM Summary                                                                                                                                                                                                                                   ;
+---------------------------------------------------------------------------------------------------+------+-------------+--------------+--------------+--------------+--------------+------+------------------------------------------------------------------------+
; Name                                                                                              ; Type ; Mode        ; Port A Depth ; Port A Width ; Port B Depth ; Port B Width ; Size ; MIF                                                                    ;
+---------------------------------------------------------------------------------------------------+------+-------------+--------------+--------------+--------------+--------------+------+------------------------------------------------------------------------+
; dp:inst2|lpm_ram_dq:65|altram:sram|altsyncram:ram_block|altsyncram_2cf1:auto_generated|ALTSYNCRAM ; AUTO ; Single Port ; 32           ; 8            ; --           ; --           ; 256  ; D:/FACULTATE/AN3/Semestrul2/LMDSH/Tema1/SchemaQuartus/program_test.mif ;
+---------------------------------------------------------------------------------------------------+------+-------------+--------------+--------------+--------------+--------------+------+------------------------------------------------------------------------+


+------------------------------------------------------+
; General Register Statistics                          ;
+----------------------------------------------+-------+
; Statistic                                    ; Value ;
+----------------------------------------------+-------+
; Total registers                              ; 25    ;
; Number of registers using Synchronous Clear  ; 0     ;
; Number of registers using Synchronous Load   ; 0     ;
; Number of registers using Asynchronous Clear ; 25    ;
; Number of registers using Asynchronous Load  ; 0     ;
; Number of registers using Clock Enable       ; 21    ;
; Number of registers using Preset             ; 0     ;
+----------------------------------------------+-------+


+---------------------------------------------------------------------------------------------------------------+
; Source assignments for dp:inst2|LPM_RAM_DQ:65|altram:sram|altsyncram:ram_block|altsyncram_2cf1:auto_generated ;
+---------------------------------+--------------------+------+-------------------------------------------------+
; Assignment                      ; Value              ; From ; To                                              ;
+---------------------------------+--------------------+------+-------------------------------------------------+
; OPTIMIZE_POWER_DURING_SYNTHESIS ; NORMAL_COMPILATION ; -    ; -                                               ;
+---------------------------------+--------------------+------+-------------------------------------------------+


+------------------------------------------------------------------------------------------------------------------+
; Parameter Settings for User Entity Instance: dp:inst2|LPM_RAM_DQ:65                                              ;
+------------------------+------------------------------------------------------------------------+----------------+
; Parameter Name         ; Value                                                                  ; Type           ;
+------------------------+------------------------------------------------------------------------+----------------+
; LPM_WIDTH              ; 8                                                                      ; Untyped        ;
; LPM_WIDTHAD            ; 5                                                                      ; Untyped        ;
; LPM_NUMWORDS           ; 32                                                                     ; Untyped        ;
; LPM_INDATA             ; REGISTERED                                                             ; Untyped        ;
; LPM_ADDRESS_CONTROL    ; REGISTERED                                                             ; Untyped        ;
; LPM_OUTDATA            ; UNREGISTERED                                                           ; Untyped        ;
; LPM_FILE               ; D:/FACULTATE/AN3/Semestrul2/LMDSH/Tema1/SchemaQuartus/program_test.mif ; Untyped        ;
; USE_EAB                ; ON                                                                     ; Untyped        ;
; DEVICE_FAMILY          ; Stratix II                                                             ; Untyped        ;
; CBXI_PARAMETER         ; NOTHING                                                                ; Untyped        ;
; AUTO_CARRY_CHAINS      ; ON                                                                     ; AUTO_CARRY     ;
; IGNORE_CARRY_BUFFERS   ; OFF                                                                    ; IGNORE_CARRY   ;
; AUTO_CASCADE_CHAINS    ; ON                                                                     ; AUTO_CASCADE   ;
; IGNORE_CASCADE_BUFFERS ; OFF                                                                    ; IGNORE_CASCADE ;
+------------------------+------------------------------------------------------------------------+----------------+
Note: In order to hide this table in the UI and the text report file, please set the "Show Parameter Settings Tables in Synthesis Report" option in "Analysis and Synthesis Settings -> More Settings" to "Off".


+-------------------------------+
; Analysis & Synthesis Messages ;
+-------------------------------+
Info: *******************************************************************
Info: Running Quartus II Analysis & Synthesis
    Info: Version 9.1 Build 350 03/24/2010 Service Pack 2 SJ Web Edition
    Info: Processing started: Tue May 23 09:02:13 2023
Info: Command: quartus_map --read_settings_files=on --write_settings_files=off EC2 -c EC2
Warning: Using design file ec2.bdf, which is not specified as a design file for the current project, but contains definitions for 1 design units and 1 entities in project
    Info: Found entity 1: ec2
Info: Elaborating entity "EC2" for the top level hierarchy
Warning: Using design file cu.bdf, which is not specified as a design file for the current project, but contains definitions for 1 design units and 1 entities in project
    Info: Found entity 1: cu
Info: Elaborating entity "cu" for hierarchy "cu:inst"
Warning: Primitive "NOT" of instance "231" not used
Warning: Primitive "NOT" of instance "232" not used
Warning: Primitive "NOT" of instance "233" not used
Warning: Using design file dp.bdf, which is not specified as a design file for the current project, but contains definitions for 1 design units and 1 entities in project
    Info: Found entity 1: dp
Info: Elaborating entity "dp" for hierarchy "dp:inst2"
Warning: Can't find a definition for parameter LPM_FILE -- assuming D:/FACULTATE/AN3/Semestrul2/LMDSH/Tema1/SchemaQuartus/program_test.mif was intended to be a quoted string
Warning: Using design file reg8.bdf, which is not specified as a design file for the current project, but contains definitions for 1 design units and 1 entities in project
    Info: Found entity 1: reg8
Info: Elaborating entity "reg8" for hierarchy "dp:inst2|reg8:51"
Warning: Using design file 4x8mux.bdf, which is not specified as a design file for the current project, but contains definitions for 1 design units and 1 entities in project
    Info: Found entity 1: 4x8mux
Info: Elaborating entity "4x8mux" for hierarchy "dp:inst2|4x8mux:78"
Warning: Using design file addsub.bdf, which is not specified as a design file for the current project, but contains definitions for 1 design units and 1 entities in project
    Info: Found entity 1: addsub
Info: Elaborating entity "addsub" for hierarchy "dp:inst2|addsub:63"
Warning: Using design file fa.bdf, which is not specified as a design file for the current project, but contains definitions for 1 design units and 1 entities in project
    Info: Found entity 1: fa
Info: Elaborating entity "fa" for hierarchy "dp:inst2|addsub:63|fa:3"
Info: Elaborating entity "LPM_RAM_DQ" for hierarchy "dp:inst2|LPM_RAM_DQ:65"
Info: Elaborated megafunction instantiation "dp:inst2|LPM_RAM_DQ:65"
Info: Instantiated megafunction "dp:inst2|LPM_RAM_DQ:65" with the following parameter:
    Info: Parameter "LPM_FILE" = "D:/FACULTATE/AN3/Semestrul2/LMDSH/Tema1/SchemaQuartus/program_test.mif"
    Info: Parameter "LPM_OUTDATA" = "UNREGISTERED"
    Info: Parameter "LPM_WIDTH" = "8"
    Info: Parameter "LPM_WIDTHAD" = "5"
Info: Elaborating entity "altram" for hierarchy "dp:inst2|LPM_RAM_DQ:65|altram:sram"
Warning: Assertion warning: altram does not support Stratix II device family -- attempting best-case memory conversions, but power-up states and read during write behavior will be different for Stratix II devices
Info: Elaborated megafunction instantiation "dp:inst2|LPM_RAM_DQ:65|altram:sram", which is child of megafunction instantiation "dp:inst2|LPM_RAM_DQ:65"
Info: Elaborating entity "altsyncram" for hierarchy "dp:inst2|LPM_RAM_DQ:65|altram:sram|altsyncram:ram_block"
Info: Elaborated megafunction instantiation "dp:inst2|LPM_RAM_DQ:65|altram:sram|altsyncram:ram_block", which is child of megafunction instantiation "dp:inst2|LPM_RAM_DQ:65"
Info: Found 1 design units, including 1 entities, in source file db/altsyncram_2cf1.tdf
    Info: Found entity 1: altsyncram_2cf1
Info: Elaborating entity "altsyncram_2cf1" for hierarchy "dp:inst2|LPM_RAM_DQ:65|altram:sram|altsyncram:ram_block|altsyncram_2cf1:auto_generated"
Warning: 6 out of 32 addresses are reinitialized. The latest initialized data will replace the existing data. There are 6 warnings found, and 6 warnings are reported.
    Warning: Memory Initialization File address 0 is reinitialized
    Warning: Memory Initialization File address 1 is reinitialized
    Warning: Memory Initialization File address 2 is reinitialized
    Warning: Memory Initialization File address 3 is reinitialized
    Warning: Memory Initialization File address 4 is reinitialized
    Warning: Memory Initialization File address 31 is reinitialized
Warning: Using design file 2x5mux.bdf, which is not specified as a design file for the current project, but contains definitions for 1 design units and 1 entities in project
    Info: Found entity 1: 2x5mux
Info: Elaborating entity "2x5mux" for hierarchy "dp:inst2|2x5mux:73"
Warning: Using design file reg5.bdf, which is not specified as a design file for the current project, but contains definitions for 1 design units and 1 entities in project
    Info: Found entity 1: reg5
Info: Elaborating entity "reg5" for hierarchy "dp:inst2|reg5:60"
Warning: Using design file inc5.bdf, which is not specified as a design file for the current project, but contains definitions for 1 design units and 1 entities in project
    Info: Found entity 1: inc5
Info: Elaborating entity "inc5" for hierarchy "dp:inst2|inc5:70"
Info: Implemented 82 device resources after synthesis - the final resource count might be different
    Info: Implemented 11 input pins
    Info: Implemented 9 output pins
    Info: Implemented 54 logic cells
    Info: Implemented 8 RAM segments
Info: Quartus II Analysis & Synthesis was successful. 0 errors, 22 warnings
    Info: Peak virtual memory: 238 megabytes
    Info: Processing ended: Tue May 23 09:02:14 2023
    Info: Elapsed time: 00:00:01
    Info: Total CPU time (on all processors): 00:00:01


