TimeQuest Timing Analyzer report for EC2
Tue May 23 09:05:02 2023
Quartus II Version 9.1 Build 350 03/24/2010 Service Pack 2 SJ Web Edition


---------------------
; Table of Contents ;
---------------------
  1. Legal Notice
  2. TimeQuest Timing Analyzer Summary
  3. Parallel Compilation
  4. Clocks
  5. Slow Model Fmax Summary
  6. Slow Model Setup Summary
  7. Slow Model Hold Summary
  8. Slow Model Recovery Summary
  9. Slow Model Removal Summary
 10. Slow Model Minimum Pulse Width Summary
 11. Setup Times
 12. Hold Times
 13. Clock to Output Times
 14. Minimum Clock to Output Times
 15. Fast Model Setup Summary
 16. Fast Model Hold Summary
 17. Fast Model Recovery Summary
 18. Fast Model Removal Summary
 19. Fast Model Minimum Pulse Width Summary
 20. Setup Times
 21. Hold Times
 22. Clock to Output Times
 23. Minimum Clock to Output Times
 24. Multicorner Timing Analysis Summary
 25. Setup Times
 26. Hold Times
 27. Clock to Output Times
 28. Minimum Clock to Output Times
 29. Setup Transfers
 30. Hold Transfers
 31. Report TCCS
 32. Report RSKM
 33. Unconstrained Paths
 34. TimeQuest Timing Analyzer Messages



----------------
; Legal Notice ;
----------------
Copyright (C) 1991-2010 Altera Corporation
Your use of Altera Corporation's design tools, logic functions 
and other software and tools, and its AMPP partner logic 
functions, and any output files from any of the foregoing 
(including device programming or simulation files), and any 
associated documentation or information are expressly subject 
to the terms and conditions of the Altera Program License 
Subscription Agreement, Altera MegaCore Function License 
Agreement, or other applicable license agreement, including, 
without limitation, that your use is for the sole purpose of 
programming logic devices manufactured by Altera and sold by 
Altera or its authorized distributors.  Please refer to the 
applicable agreement for further details.



+-------------------------------------------------------------------------------------+
; TimeQuest Timing Analyzer Summary                                                   ;
+--------------------+----------------------------------------------------------------+
; Quartus II Version ; Version 9.1 Build 350 03/24/2010 Service Pack 2 SJ Web Edition ;
; Revision Name      ; EC2                                                            ;
; Device Family      ; Stratix II                                                     ;
; Device Name        ; EP2S15F484C3                                                   ;
; Timing Models      ; Final                                                          ;
; Delay Model        ; Combined                                                       ;
; Rise/Fall Delays   ; Unavailable                                                    ;
+--------------------+----------------------------------------------------------------+


Parallel compilation was disabled, but you have multiple processors available. Enable parallel compilation to reduce compilation time.
+-------------------------------------+
; Parallel Compilation                ;
+----------------------------+--------+
; Processors                 ; Number ;
+----------------------------+--------+
; Number detected on machine ; 8      ;
; Maximum allowed            ; 1      ;
+----------------------------+--------+


+-----------------------------------------------------------------------------------------------------------------------------------------------------------------------------------+
; Clocks                                                                                                                                                                            ;
+------------+------+--------+------------+-------+-------+------------+-----------+-------------+-------+--------+-----------+------------+----------+--------+--------+-----------+
; Clock Name ; Type ; Period ; Frequency  ; Rise  ; Fall  ; Duty Cycle ; Divide by ; Multiply by ; Phase ; Offset ; Edge List ; Edge Shift ; Inverted ; Master ; Source ; Targets   ;
+------------+------+--------+------------+-------+-------+------------+-----------+-------------+-------+--------+-----------+------------+----------+--------+--------+-----------+
; Clock      ; Base ; 1.000  ; 1000.0 MHz ; 0.000 ; 0.500 ;            ;           ;             ;       ;        ;           ;            ;          ;        ;        ; { Clock } ;
+------------+------+--------+------------+-------+-------+------------+-----------+-------------+-------+--------+-----------+------------+----------+--------+--------+-----------+


+--------------------------------------------------+
; Slow Model Fmax Summary                          ;
+------------+-----------------+------------+------+
; Fmax       ; Restricted Fmax ; Clock Name ; Note ;
+------------+-----------------+------------+------+
; 240.33 MHz ; 240.33 MHz      ; Clock      ;      ;
+------------+-----------------+------------+------+
This panel reports FMAX for every clock in the design, regardless of the user-specified clock periods.  FMAX is only computed for paths where the source and destination registers or ports are driven by the same clock.  Paths of different clocks, including generated clocks, are ignored.  For paths between a clock and its inversion, FMAX is computed as if the rising and falling edges are scaled along with FMAX, such that the duty cycle (in terms of a percentage) is maintained. Altera recommends that you always use clock constraints and other slack reports for sign-off analysis.


+--------------------------------+
; Slow Model Setup Summary       ;
+-------+--------+---------------+
; Clock ; Slack  ; End Point TNS ;
+-------+--------+---------------+
; Clock ; -3.161 ; -67.243       ;
+-------+--------+---------------+


+-------------------------------+
; Slow Model Hold Summary       ;
+-------+-------+---------------+
; Clock ; Slack ; End Point TNS ;
+-------+-------+---------------+
; Clock ; 0.341 ; 0.000         ;
+-------+-------+---------------+


-------------------------------
; Slow Model Recovery Summary ;
-------------------------------
No paths to report.


------------------------------
; Slow Model Removal Summary ;
------------------------------
No paths to report.


+----------------------------------------+
; Slow Model Minimum Pulse Width Summary ;
+-------+--------+-----------------------+
; Clock ; Slack  ; End Point TNS         ;
+-------+--------+-----------------------+
; Clock ; -1.000 ; -24.948               ;
+-------+--------+-----------------------+


+-----------------------------------------------------------------------+
; Setup Times                                                           ;
+-----------+------------+-------+-------+------------+-----------------+
; Data Port ; Clock Port ; Rise  ; Fall  ; Clock Edge ; Clock Reference ;
+-----------+------------+-------+-------+------------+-----------------+
; Enter     ; Clock      ; 3.264 ; 3.264 ; Rise       ; Clock           ;
; I[*]      ; Clock      ; 3.819 ; 3.819 ; Rise       ; Clock           ;
;  I[0]     ; Clock      ; 2.976 ; 2.976 ; Rise       ; Clock           ;
;  I[1]     ; Clock      ; 3.104 ; 3.104 ; Rise       ; Clock           ;
;  I[2]     ; Clock      ; 3.178 ; 3.178 ; Rise       ; Clock           ;
;  I[3]     ; Clock      ; 2.508 ; 2.508 ; Rise       ; Clock           ;
;  I[4]     ; Clock      ; 3.457 ; 3.457 ; Rise       ; Clock           ;
;  I[5]     ; Clock      ; 3.072 ; 3.072 ; Rise       ; Clock           ;
;  I[6]     ; Clock      ; 3.819 ; 3.819 ; Rise       ; Clock           ;
;  I[7]     ; Clock      ; 3.136 ; 3.136 ; Rise       ; Clock           ;
+-----------+------------+-------+-------+------------+-----------------+


+-------------------------------------------------------------------------+
; Hold Times                                                              ;
+-----------+------------+--------+--------+------------+-----------------+
; Data Port ; Clock Port ; Rise   ; Fall   ; Clock Edge ; Clock Reference ;
+-----------+------------+--------+--------+------------+-----------------+
; Enter     ; Clock      ; -2.890 ; -2.890 ; Rise       ; Clock           ;
; I[*]      ; Clock      ; -2.269 ; -2.269 ; Rise       ; Clock           ;
;  I[0]     ; Clock      ; -2.737 ; -2.737 ; Rise       ; Clock           ;
;  I[1]     ; Clock      ; -2.865 ; -2.865 ; Rise       ; Clock           ;
;  I[2]     ; Clock      ; -2.939 ; -2.939 ; Rise       ; Clock           ;
;  I[3]     ; Clock      ; -2.269 ; -2.269 ; Rise       ; Clock           ;
;  I[4]     ; Clock      ; -3.218 ; -3.218 ; Rise       ; Clock           ;
;  I[5]     ; Clock      ; -2.833 ; -2.833 ; Rise       ; Clock           ;
;  I[6]     ; Clock      ; -3.580 ; -3.580 ; Rise       ; Clock           ;
;  I[7]     ; Clock      ; -2.897 ; -2.897 ; Rise       ; Clock           ;
+-----------+------------+--------+--------+------------+-----------------+


+-----------------------------------------------------------------------+
; Clock to Output Times                                                 ;
+-----------+------------+-------+-------+------------+-----------------+
; Data Port ; Clock Port ; Rise  ; Fall  ; Clock Edge ; Clock Reference ;
+-----------+------------+-------+-------+------------+-----------------+
; A[*]      ; Clock      ; 6.690 ; 6.690 ; Rise       ; Clock           ;
;  A[0]     ; Clock      ; 6.431 ; 6.431 ; Rise       ; Clock           ;
;  A[1]     ; Clock      ; 6.151 ; 6.151 ; Rise       ; Clock           ;
;  A[2]     ; Clock      ; 6.690 ; 6.690 ; Rise       ; Clock           ;
;  A[3]     ; Clock      ; 6.426 ; 6.426 ; Rise       ; Clock           ;
;  A[4]     ; Clock      ; 6.316 ; 6.316 ; Rise       ; Clock           ;
;  A[5]     ; Clock      ; 5.493 ; 5.493 ; Rise       ; Clock           ;
;  A[6]     ; Clock      ; 5.976 ; 5.976 ; Rise       ; Clock           ;
;  A[7]     ; Clock      ; 6.065 ; 6.065 ; Rise       ; Clock           ;
; Halt      ; Clock      ; 7.012 ; 7.012 ; Rise       ; Clock           ;
+-----------+------------+-------+-------+------------+-----------------+


+-----------------------------------------------------------------------+
; Minimum Clock to Output Times                                         ;
+-----------+------------+-------+-------+------------+-----------------+
; Data Port ; Clock Port ; Rise  ; Fall  ; Clock Edge ; Clock Reference ;
+-----------+------------+-------+-------+------------+-----------------+
; A[*]      ; Clock      ; 5.493 ; 5.493 ; Rise       ; Clock           ;
;  A[0]     ; Clock      ; 6.431 ; 6.431 ; Rise       ; Clock           ;
;  A[1]     ; Clock      ; 6.151 ; 6.151 ; Rise       ; Clock           ;
;  A[2]     ; Clock      ; 6.690 ; 6.690 ; Rise       ; Clock           ;
;  A[3]     ; Clock      ; 6.426 ; 6.426 ; Rise       ; Clock           ;
;  A[4]     ; Clock      ; 6.316 ; 6.316 ; Rise       ; Clock           ;
;  A[5]     ; Clock      ; 5.493 ; 5.493 ; Rise       ; Clock           ;
;  A[6]     ; Clock      ; 5.976 ; 5.976 ; Rise       ; Clock           ;
;  A[7]     ; Clock      ; 6.065 ; 6.065 ; Rise       ; Clock           ;
; Halt      ; Clock      ; 6.528 ; 6.528 ; Rise       ; Clock           ;
+-----------+------------+-------+-------+------------+-----------------+


+--------------------------------+
; Fast Model Setup Summary       ;
+-------+--------+---------------+
; Clock ; Slack  ; End Point TNS ;
+-------+--------+---------------+
; Clock ; -1.506 ; -24.437       ;
+-------+--------+---------------+


+-------------------------------+
; Fast Model Hold Summary       ;
+-------+-------+---------------+
; Clock ; Slack ; End Point TNS ;
+-------+-------+---------------+
; Clock ; 0.219 ; 0.000         ;
+-------+-------+---------------+


-------------------------------
; Fast Model Recovery Summary ;
-------------------------------
No paths to report.


------------------------------
; Fast Model Removal Summary ;
------------------------------
No paths to report.


+----------------------------------------+
; Fast Model Minimum Pulse Width Summary ;
+-------+--------+-----------------------+
; Clock ; Slack  ; End Point TNS         ;
+-------+--------+-----------------------+
; Clock ; -1.000 ; -25.848               ;
+-------+--------+-----------------------+


+-----------------------------------------------------------------------+
; Setup Times                                                           ;
+-----------+------------+-------+-------+------------+-----------------+
; Data Port ; Clock Port ; Rise  ; Fall  ; Clock Edge ; Clock Reference ;
+-----------+------------+-------+-------+------------+-----------------+
; Enter     ; Clock      ; 1.915 ; 1.915 ; Rise       ; Clock           ;
; I[*]      ; Clock      ; 2.212 ; 2.212 ; Rise       ; Clock           ;
;  I[0]     ; Clock      ; 1.742 ; 1.742 ; Rise       ; Clock           ;
;  I[1]     ; Clock      ; 1.792 ; 1.792 ; Rise       ; Clock           ;
;  I[2]     ; Clock      ; 1.852 ; 1.852 ; Rise       ; Clock           ;
;  I[3]     ; Clock      ; 1.494 ; 1.494 ; Rise       ; Clock           ;
;  I[4]     ; Clock      ; 2.076 ; 2.076 ; Rise       ; Clock           ;
;  I[5]     ; Clock      ; 1.771 ; 1.771 ; Rise       ; Clock           ;
;  I[6]     ; Clock      ; 2.212 ; 2.212 ; Rise       ; Clock           ;
;  I[7]     ; Clock      ; 1.808 ; 1.808 ; Rise       ; Clock           ;
+-----------+------------+-------+-------+------------+-----------------+


+-------------------------------------------------------------------------+
; Hold Times                                                              ;
+-----------+------------+--------+--------+------------+-----------------+
; Data Port ; Clock Port ; Rise   ; Fall   ; Clock Edge ; Clock Reference ;
+-----------+------------+--------+--------+------------+-----------------+
; Enter     ; Clock      ; -1.723 ; -1.723 ; Rise       ; Clock           ;
; I[*]      ; Clock      ; -1.372 ; -1.372 ; Rise       ; Clock           ;
;  I[0]     ; Clock      ; -1.620 ; -1.620 ; Rise       ; Clock           ;
;  I[1]     ; Clock      ; -1.670 ; -1.670 ; Rise       ; Clock           ;
;  I[2]     ; Clock      ; -1.730 ; -1.730 ; Rise       ; Clock           ;
;  I[3]     ; Clock      ; -1.372 ; -1.372 ; Rise       ; Clock           ;
;  I[4]     ; Clock      ; -1.954 ; -1.954 ; Rise       ; Clock           ;
;  I[5]     ; Clock      ; -1.649 ; -1.649 ; Rise       ; Clock           ;
;  I[6]     ; Clock      ; -2.090 ; -2.090 ; Rise       ; Clock           ;
;  I[7]     ; Clock      ; -1.686 ; -1.686 ; Rise       ; Clock           ;
+-----------+------------+--------+--------+------------+-----------------+


+-----------------------------------------------------------------------+
; Clock to Output Times                                                 ;
+-----------+------------+-------+-------+------------+-----------------+
; Data Port ; Clock Port ; Rise  ; Fall  ; Clock Edge ; Clock Reference ;
+-----------+------------+-------+-------+------------+-----------------+
; A[*]      ; Clock      ; 3.769 ; 3.769 ; Rise       ; Clock           ;
;  A[0]     ; Clock      ; 3.637 ; 3.637 ; Rise       ; Clock           ;
;  A[1]     ; Clock      ; 3.548 ; 3.548 ; Rise       ; Clock           ;
;  A[2]     ; Clock      ; 3.769 ; 3.769 ; Rise       ; Clock           ;
;  A[3]     ; Clock      ; 3.625 ; 3.625 ; Rise       ; Clock           ;
;  A[4]     ; Clock      ; 3.609 ; 3.609 ; Rise       ; Clock           ;
;  A[5]     ; Clock      ; 3.194 ; 3.194 ; Rise       ; Clock           ;
;  A[6]     ; Clock      ; 3.449 ; 3.449 ; Rise       ; Clock           ;
;  A[7]     ; Clock      ; 3.494 ; 3.494 ; Rise       ; Clock           ;
; Halt      ; Clock      ; 3.958 ; 3.958 ; Rise       ; Clock           ;
+-----------+------------+-------+-------+------------+-----------------+


+-----------------------------------------------------------------------+
; Minimum Clock to Output Times                                         ;
+-----------+------------+-------+-------+------------+-----------------+
; Data Port ; Clock Port ; Rise  ; Fall  ; Clock Edge ; Clock Reference ;
+-----------+------------+-------+-------+------------+-----------------+
; A[*]      ; Clock      ; 3.194 ; 3.194 ; Rise       ; Clock           ;
;  A[0]     ; Clock      ; 3.637 ; 3.637 ; Rise       ; Clock           ;
;  A[1]     ; Clock      ; 3.548 ; 3.548 ; Rise       ; Clock           ;
;  A[2]     ; Clock      ; 3.769 ; 3.769 ; Rise       ; Clock           ;
;  A[3]     ; Clock      ; 3.625 ; 3.625 ; Rise       ; Clock           ;
;  A[4]     ; Clock      ; 3.609 ; 3.609 ; Rise       ; Clock           ;
;  A[5]     ; Clock      ; 3.194 ; 3.194 ; Rise       ; Clock           ;
;  A[6]     ; Clock      ; 3.449 ; 3.449 ; Rise       ; Clock           ;
;  A[7]     ; Clock      ; 3.494 ; 3.494 ; Rise       ; Clock           ;
; Halt      ; Clock      ; 3.714 ; 3.714 ; Rise       ; Clock           ;
+-----------+------------+-------+-------+------------+-----------------+


+-------------------------------------------------------------------------------+
; Multicorner Timing Analysis Summary                                           ;
+------------------+---------+-------+----------+---------+---------------------+
; Clock            ; Setup   ; Hold  ; Recovery ; Removal ; Minimum Pulse Width ;
+------------------+---------+-------+----------+---------+---------------------+
; Worst-case Slack ; -3.161  ; 0.219 ; N/A      ; N/A     ; -1.000              ;
;  Clock           ; -3.161  ; 0.219 ; N/A      ; N/A     ; -1.000              ;
; Design-wide TNS  ; -67.243 ; 0.0   ; 0.0      ; 0.0     ; -25.848             ;
;  Clock           ; -67.243 ; 0.000 ; N/A      ; N/A     ; -25.848             ;
+------------------+---------+-------+----------+---------+---------------------+


+-----------------------------------------------------------------------+
; Setup Times                                                           ;
+-----------+------------+-------+-------+------------+-----------------+
; Data Port ; Clock Port ; Rise  ; Fall  ; Clock Edge ; Clock Reference ;
+-----------+------------+-------+-------+------------+-----------------+
; Enter     ; Clock      ; 3.264 ; 3.264 ; Rise       ; Clock           ;
; I[*]      ; Clock      ; 3.819 ; 3.819 ; Rise       ; Clock           ;
;  I[0]     ; Clock      ; 2.976 ; 2.976 ; Rise       ; Clock           ;
;  I[1]     ; Clock      ; 3.104 ; 3.104 ; Rise       ; Clock           ;
;  I[2]     ; Clock      ; 3.178 ; 3.178 ; Rise       ; Clock           ;
;  I[3]     ; Clock      ; 2.508 ; 2.508 ; Rise       ; Clock           ;
;  I[4]     ; Clock      ; 3.457 ; 3.457 ; Rise       ; Clock           ;
;  I[5]     ; Clock      ; 3.072 ; 3.072 ; Rise       ; Clock           ;
;  I[6]     ; Clock      ; 3.819 ; 3.819 ; Rise       ; Clock           ;
;  I[7]     ; Clock      ; 3.136 ; 3.136 ; Rise       ; Clock           ;
+-----------+------------+-------+-------+------------+-----------------+


+-------------------------------------------------------------------------+
; Hold Times                                                              ;
+-----------+------------+--------+--------+------------+-----------------+
; Data Port ; Clock Port ; Rise   ; Fall   ; Clock Edge ; Clock Reference ;
+-----------+------------+--------+--------+------------+-----------------+
; Enter     ; Clock      ; -1.723 ; -1.723 ; Rise       ; Clock           ;
; I[*]      ; Clock      ; -1.372 ; -1.372 ; Rise       ; Clock           ;
;  I[0]     ; Clock      ; -1.620 ; -1.620 ; Rise       ; Clock           ;
;  I[1]     ; Clock      ; -1.670 ; -1.670 ; Rise       ; Clock           ;
;  I[2]     ; Clock      ; -1.730 ; -1.730 ; Rise       ; Clock           ;
;  I[3]     ; Clock      ; -1.372 ; -1.372 ; Rise       ; Clock           ;
;  I[4]     ; Clock      ; -1.954 ; -1.954 ; Rise       ; Clock           ;
;  I[5]     ; Clock      ; -1.649 ; -1.649 ; Rise       ; Clock           ;
;  I[6]     ; Clock      ; -2.090 ; -2.090 ; Rise       ; Clock           ;
;  I[7]     ; Clock      ; -1.686 ; -1.686 ; Rise       ; Clock           ;
+-----------+------------+--------+--------+------------+-----------------+


+-----------------------------------------------------------------------+
; Clock to Output Times                                                 ;
+-----------+------------+-------+-------+------------+-----------------+
; Data Port ; Clock Port ; Rise  ; Fall  ; Clock Edge ; Clock Reference ;
+-----------+------------+-------+-------+------------+-----------------+
; A[*]      ; Clock      ; 6.690 ; 6.690 ; Rise       ; Clock           ;
;  A[0]     ; Clock      ; 6.431 ; 6.431 ; Rise       ; Clock           ;
;  A[1]     ; Clock      ; 6.151 ; 6.151 ; Rise       ; Clock           ;
;  A[2]     ; Clock      ; 6.690 ; 6.690 ; Rise       ; Clock           ;
;  A[3]     ; Clock      ; 6.426 ; 6.426 ; Rise       ; Clock           ;
;  A[4]     ; Clock      ; 6.316 ; 6.316 ; Rise       ; Clock           ;
;  A[5]     ; Clock      ; 5.493 ; 5.493 ; Rise       ; Clock           ;
;  A[6]     ; Clock      ; 5.976 ; 5.976 ; Rise       ; Clock           ;
;  A[7]     ; Clock      ; 6.065 ; 6.065 ; Rise       ; Clock           ;
; Halt      ; Clock      ; 7.012 ; 7.012 ; Rise       ; Clock           ;
+-----------+------------+-------+-------+------------+-----------------+


+-----------------------------------------------------------------------+
; Minimum Clock to Output Times                                         ;
+-----------+------------+-------+-------+------------+-----------------+
; Data Port ; Clock Port ; Rise  ; Fall  ; Clock Edge ; Clock Reference ;
+-----------+------------+-------+-------+------------+-----------------+
; A[*]      ; Clock      ; 3.194 ; 3.194 ; Rise       ; Clock           ;
;  A[0]     ; Clock      ; 3.637 ; 3.637 ; Rise       ; Clock           ;
;  A[1]     ; Clock      ; 3.548 ; 3.548 ; Rise       ; Clock           ;
;  A[2]     ; Clock      ; 3.769 ; 3.769 ; Rise       ; Clock           ;
;  A[3]     ; Clock      ; 3.625 ; 3.625 ; Rise       ; Clock           ;
;  A[4]     ; Clock      ; 3.609 ; 3.609 ; Rise       ; Clock           ;
;  A[5]     ; Clock      ; 3.194 ; 3.194 ; Rise       ; Clock           ;
;  A[6]     ; Clock      ; 3.449 ; 3.449 ; Rise       ; Clock           ;
;  A[7]     ; Clock      ; 3.494 ; 3.494 ; Rise       ; Clock           ;
; Halt      ; Clock      ; 3.714 ; 3.714 ; Rise       ; Clock           ;
+-----------+------------+-------+-------+------------+-----------------+


+-------------------------------------------------------------------+
; Setup Transfers                                                   ;
+------------+----------+----------+----------+----------+----------+
; From Clock ; To Clock ; RR Paths ; FR Paths ; RF Paths ; FF Paths ;
+------------+----------+----------+----------+----------+----------+
; Clock      ; Clock    ; 753      ; 0        ; 0        ; 0        ;
+------------+----------+----------+----------+----------+----------+
Entries labeled "false path" only account for clock-to-clock false paths and not path-based false paths. As a result, actual path counts may be lower than reported.


+-------------------------------------------------------------------+
; Hold Transfers                                                    ;
+------------+----------+----------+----------+----------+----------+
; From Clock ; To Clock ; RR Paths ; FR Paths ; RF Paths ; FF Paths ;
+------------+----------+----------+----------+----------+----------+
; Clock      ; Clock    ; 753      ; 0        ; 0        ; 0        ;
+------------+----------+----------+----------+----------+----------+
Entries labeled "false path" only account for clock-to-clock false paths and not path-based false paths. As a result, actual path counts may be lower than reported.


---------------
; Report TCCS ;
---------------
No dedicated SERDES Transmitter circuitry present in device or used in design


---------------
; Report RSKM ;
---------------
No dedicated SERDES Receiver circuitry present in device or used in design


+------------------------------------------------+
; Unconstrained Paths                            ;
+---------------------------------+-------+------+
; Property                        ; Setup ; Hold ;
+---------------------------------+-------+------+
; Illegal Clocks                  ; 0     ; 0    ;
; Unconstrained Clocks            ; 0     ; 0    ;
; Unconstrained Input Ports       ; 10    ; 10   ;
; Unconstrained Input Port Paths  ; 35    ; 35   ;
; Unconstrained Output Ports      ; 9     ; 9    ;
; Unconstrained Output Port Paths ; 12    ; 12   ;
+---------------------------------+-------+------+


+------------------------------------+
; TimeQuest Timing Analyzer Messages ;
+------------------------------------+
Info: *******************************************************************
Info: Running Quartus II TimeQuest Timing Analyzer
    Info: Version 9.1 Build 350 03/24/2010 Service Pack 2 SJ Web Edition
    Info: Processing started: Tue May 23 09:05:01 2023
Info: Command: quartus_sta EC2 -c EC2
Info: qsta_default_script.tcl version: #1
Warning: Found USE_TIMEQUEST_TIMING_ANALYZER=OFF. The TimeQuest Timing Analyzer is not the default Timing Analysis Tool during full compilation.
Critical Warning: Synopsys Design Constraints File file not found: 'EC2.sdc'. A Synopsys Design Constraints File is required by the TimeQuest Timing Analyzer to get proper timing constraints. Without it, the Compiler will not properly optimize the design.
Info: No user constrained base clocks found in the design. Calling "derive_clocks -period 1.0"
Info: Deriving Clocks
    Info: create_clock -period 1.000 -name Clock Clock
Info: Analyzing Slow Model
Critical Warning: Timing requirements not met
Info: Worst-case setup slack is -3.161
    Info:     Slack End Point TNS Clock 
    Info: ========= ============= =====================
    Info:    -3.161       -67.243 Clock 
Info: Worst-case hold slack is 0.341
    Info:     Slack End Point TNS Clock 
    Info: ========= ============= =====================
    Info:     0.341         0.000 Clock 
Info: No Recovery paths to report
Info: No Removal paths to report
Info: Worst-case minimum pulse width slack is -1.000
    Info:     Slack End Point TNS Clock 
    Info: ========= ============= =====================
    Info:    -1.000       -24.948 Clock 
Info: The selected device family is not supported by the report_metastability command.
Info: Analyzing Fast Model
Info: Started post-fitting delay annotation
Warning: Found 9 output pins without output pin load capacitance assignment
    Info: Pin "Halt" has no specified output pin load capacitance -- assuming default load capacitance of 0 pF for timing analysis
    Info: Pin "A[7]" has no specified output pin load capacitance -- assuming default load capacitance of 0 pF for timing analysis
    Info: Pin "A[6]" has no specified output pin load capacitance -- assuming default load capacitance of 0 pF for timing analysis
    Info: Pin "A[5]" has no specified output pin load capacitance -- assuming default load capacitance of 0 pF for timing analysis
    Info: Pin "A[4]" has no specified output pin load capacitance -- assuming default load capacitance of 0 pF for timing analysis
    Info: Pin "A[3]" has no specified output pin load capacitance -- assuming default load capacitance of 0 pF for timing analysis
    Info: Pin "A[2]" has no specified output pin load capacitance -- assuming default load capacitance of 0 pF for timing analysis
    Info: Pin "A[1]" has no specified output pin load capacitance -- assuming default load capacitance of 0 pF for timing analysis
    Info: Pin "A[0]" has no specified output pin load capacitance -- assuming default load capacitance of 0 pF for timing analysis
Info: Delay annotation completed successfully
Critical Warning: Timing requirements not met
Info: Worst-case setup slack is -1.506
    Info:     Slack End Point TNS Clock 
    Info: ========= ============= =====================
    Info:    -1.506       -24.437 Clock 
Info: Worst-case hold slack is 0.219
    Info:     Slack End Point TNS Clock 
    Info: ========= ============= =====================
    Info:     0.219         0.000 Clock 
Info: No Recovery paths to report
Info: No Removal paths to report
Info: Worst-case minimum pulse width slack is -1.000
    Info:     Slack End Point TNS Clock 
    Info: ========= ============= =====================
    Info:    -1.000       -25.848 Clock 
Info: The selected device family is not supported by the report_metastability command.
Info: Design is not fully constrained for setup requirements
Info: Design is not fully constrained for hold requirements
Info: Quartus II TimeQuest Timing Analyzer was successful. 0 errors, 5 warnings
    Info: Peak virtual memory: 243 megabytes
    Info: Processing ended: Tue May 23 09:05:02 2023
    Info: Elapsed time: 00:00:01
    Info: Total CPU time (on all processors): 00:00:01


